#
# There is insufficient memory for the Java Runtime Environment to continue.
# Native memory allocation (mmap) failed to map 65536 bytes for Failed to commit metaspace.
# Possible reasons:
#   The system is out of physical RAM or swap space
#   The process is running with CompressedOops enabled, and the Java Heap may be blocking the growth of the native heap
# Possible solutions:
#   Reduce memory load on the system
#   Increase physical memory or swap space
#   Check if swap backing store is full
#   Decrease Java heap size (-Xmx/-Xms)
#   Decrease number of Java threads
#   Decrease Java thread stack sizes (-Xss)
#   Set larger code cache with -XX:ReservedCodeCacheSize=
#   JVM is running with Zero Based Compressed Oops mode in which the Java heap is
#     placed in the first 32GB address space. The Java Heap base address is the
#     maximum limit for the native heap growth. Please use -XX:HeapBaseMinAddress
#     to set the Java Heap base and to place the Java Heap above 32GB virtual address.
# This output file may be truncated or incomplete.
#
#  Out of Memory Error (virtualSpaceNode.cpp:110), pid=24100, tid=22952
#
# JRE version: Java(TM) SE Runtime Environment (19.0+36) (build 19+36-2238)
# Java VM: Java HotSpot(TM) 64-Bit Server VM (19+36-2238, mixed mode, sharing, tiered, compressed oops, compressed class ptrs, g1 gc, windows-amd64)
# No core dump will be written. Minidumps are not enabled by default on client versions of Windows
#

---------------  S U M M A R Y ------------

Command Line: -javaagent:C:\Program Files\JetBrains\IntelliJ IDEA Community Edition 2022.2.2\lib\idea_rt.jar=59287:C:\Program Files\JetBrains\IntelliJ IDEA Community Edition 2022.2.2\bin -Dfile.encoding=UTF-8 -Dsun.stdout.encoding=UTF-8 -Dsun.stderr.encoding=UTF-8 javaStart.homework2.advanced.EncodingText

Host: AMD Ryzen 5 3600X 6-Core Processor             , 12 cores, 15G,  Windows 10 , 64 bit Build 19041 (10.0.19041.1889)
Time: Fri Oct  7 03:32:25 2022 FLE Daylight Time elapsed time: 1.031252 seconds (0d 0h 0m 1s)

---------------  T H R E A D  ---------------

Current thread (0x00000290a26da6a0):  JavaThread "Attach Listener" daemon [_thread_in_vm, id=22952, stack(0x000000e4f5400000,0x000000e4f5500000)]

Stack: [0x000000e4f5400000,0x000000e4f5500000]
Native frames: (J=compiled Java code, j=interpreted, Vv=VM code, C=native code)
V  [jvm.dll+0x6ee8fa]
V  [jvm.dll+0x857a1e]
V  [jvm.dll+0x85940e]
V  [jvm.dll+0x859ac3]
V  [jvm.dll+0x28291f]
V  [jvm.dll+0x85369b]
V  [jvm.dll+0x693276]
V  [jvm.dll+0x6932da]
V  [jvm.dll+0x695bd3]
V  [jvm.dll+0x695a9e]
V  [jvm.dll+0x693c9e]
V  [jvm.dll+0x26f4e1]
V  [jvm.dll+0x21e927]
V  [jvm.dll+0x214571]
V  [jvm.dll+0x5aa2d6]
V  [jvm.dll+0x22567a]
V  [jvm.dll+0x7ccb72]
V  [jvm.dll+0x7cdfba]
V  [jvm.dll+0x7ce2e8]
V  [jvm.dll+0x271d6b]
V  [jvm.dll+0x271f8f]
V  [jvm.dll+0x5cb973]
V  [jvm.dll+0x5cdee4]
V  [jvm.dll+0x3ddadc]
V  [jvm.dll+0x3dd572]
C  0x000002908f3ea13d

Java frames: (J=compiled Java code, j=interpreted, Vv=VM code)
j  sun.util.cldr.CLDRBaseLocaleDataMetaInfo.tzCanonicalIDs()Ljava/util/Map;+0 java.base@19
j  sun.util.cldr.CLDRLocaleProviderAdapter.canonicalTZID(Ljava/lang/String;)Ljava/util/Optional;+3 java.base@19
j  sun.util.locale.provider.TimeZoneNameUtility.canonicalTZID(Ljava/lang/String;)Ljava/util/Optional;+10 java.base@19
j  sun.util.locale.provider.LocaleResources.getTimeZoneNames(Ljava/lang/String;)Ljava/lang/Object;+170 java.base@19
j  sun.util.locale.provider.TimeZoneNameProviderImpl.getDisplayNameArray(Ljava/lang/String;Ljava/util/Locale;)[Ljava/lang/String;+22 java.base@19
j  sun.util.cldr.CLDRTimeZoneNameProviderImpl.deriveFallbackName([Ljava/lang/String;ILjava/util/Locale;Z)V+107 java.base@19
j  sun.util.cldr.CLDRTimeZoneNameProviderImpl.getDisplayNameArray(Ljava/lang/String;Ljava/util/Locale;)[Ljava/lang/String;+162 java.base@19
j  sun.util.locale.provider.TimeZoneNameProviderImpl.getDisplayName(Ljava/lang/String;ZILjava/util/Locale;)Ljava/lang/String;+4 java.base@19
j  sun.util.locale.provider.TimeZoneNameUtility$TimeZoneNameGetter.getName(Ljava/util/spi/TimeZoneNameProvider;Ljava/util/Locale;Ljava/lang/String;ILjava/lang/String;)Ljava/lang/String;+126 java.base@19
j  sun.util.locale.provider.TimeZoneNameUtility$TimeZoneNameGetter.getObject(Ljava/util/spi/TimeZoneNameProvider;Ljava/util/Locale;Ljava/lang/String;[Ljava/lang/Object;)Ljava/lang/String;+49 java.base@19
j  sun.util.locale.provider.TimeZoneNameUtility$TimeZoneNameGetter.getObject(Ljava/util/spi/LocaleServiceProvider;Ljava/util/Locale;Ljava/lang/String;[Ljava/lang/Object;)Ljava/lang/Object;+9 java.base@19
j  sun.util.locale.provider.LocaleServiceProviderPool.getLocalizedObjectImpl(Lsun/util/locale/provider/LocaleServiceProviderPool$LocalizedObjectGetter;Ljava/util/Locale;ZLjava/lang/String;[Ljava/lang/Object;)Ljava/lang/Object;+93 java.base@19
j  sun.util.locale.provider.LocaleServiceProviderPool.getLocalizedObject(Lsun/util/locale/provider/LocaleServiceProviderPool$LocalizedObjectGetter;Ljava/util/Locale;Ljava/lang/String;[Ljava/lang/Object;)Ljava/lang/Object;+7 java.base@19
j  sun.util.locale.provider.TimeZoneNameUtility.retrieveDisplayNamesImpl(Ljava/lang/String;Ljava/util/Locale;)[Ljava/lang/String;+140 java.base@19
j  sun.util.locale.provider.TimeZoneNameUtility.retrieveDisplayName(Ljava/lang/String;ZILjava/util/Locale;)Ljava/lang/String;+2 java.base@19
j  java.util.TimeZone.getDisplayName(ZILjava/util/Locale;)Ljava/lang/String;+47 java.base@19
j  java.util.Date.toString()Ljava/lang/String;+150 java.base@19
j  java.lang.String.valueOf(Ljava/lang/Object;)Ljava/lang/String;+11 java.base@19
j  java.lang.StringBuilder.append(Ljava/lang/Object;)Ljava/lang/StringBuilder;+2 java.base@19
j  java.util.Properties.writeDateComment(Ljava/io/BufferedWriter;)V+43 java.base@19
j  java.util.Properties.store0(Ljava/io/BufferedWriter;Ljava/lang/String;Z)V+10 java.base@19
j  java.util.Properties.store(Ljava/io/OutputStream;Ljava/lang/String;)V+21 java.base@19
j  jdk.internal.vm.VMSupport.serializePropertiesToByteArray(Ljava/util/Properties;)[B+77 java.base@19
j  jdk.internal.vm.VMSupport.serializeAgentPropertiesToByteArray()[B+3 java.base@19
v  ~StubRoutines::call_stub 0x000002908f3c100e

---------------  P R O C E S S  ---------------

Threads class SMR info:
_java_thread_list=0x00000290a6b6bb50, length=15, elements={
0x00000290fce4b7e0, 0x00000290a26d2960, 0x00000290a26d3750, 0x00000290a26d8d60,
0x00000290a26da6a0, 0x00000290a26db110, 0x00000290a26df080, 0x00000290a26e2d00,
0x00000290a26ed690, 0x00000290a27087c0, 0x00000290a26a6400, 0x00000290a6b48680,
0x00000290a6b49f60, 0x00000290a6b609d0, 0x00000290a6b674b0
}

Java Threads: ( => current thread )
  0x00000290fce4b7e0 JavaThread "main" [_thread_in_native, id=14880, stack(0x000000e4f4a00000,0x000000e4f4b00000)]
  0x00000290a26d2960 JavaThread "Reference Handler" daemon [_thread_blocked, id=10168, stack(0x000000e4f5100000,0x000000e4f5200000)]
  0x00000290a26d3750 JavaThread "Finalizer" daemon [_thread_blocked, id=17644, stack(0x000000e4f5200000,0x000000e4f5300000)]
  0x00000290a26d8d60 JavaThread "Signal Dispatcher" daemon [_thread_blocked, id=20012, stack(0x000000e4f5300000,0x000000e4f5400000)]
=>0x00000290a26da6a0 JavaThread "Attach Listener" daemon [_thread_in_vm, id=22952, stack(0x000000e4f5400000,0x000000e4f5500000)]
  0x00000290a26db110 JavaThread "Service Thread" daemon [_thread_blocked, id=21744, stack(0x000000e4f5500000,0x000000e4f5600000)]
  0x00000290a26df080 JavaThread "Monitor Deflation Thread" daemon [_thread_blocked, id=16540, stack(0x000000e4f5600000,0x000000e4f5700000)]
  0x00000290a26e2d00 JavaThread "C2 CompilerThread0" daemon [_thread_blocked, id=28464, stack(0x000000e4f5700000,0x000000e4f5800000)]
  0x00000290a26ed690 JavaThread "C1 CompilerThread0" daemon [_thread_blocked, id=26176, stack(0x000000e4f5800000,0x000000e4f5900000)]
  0x00000290a27087c0 JavaThread "Sweeper thread" daemon [_thread_blocked, id=5316, stack(0x000000e4f5900000,0x000000e4f5a00000)]
  0x00000290a26a6400 JavaThread "Common-Cleaner" daemon [_thread_blocked, id=12612, stack(0x000000e4f5a00000,0x000000e4f5b00000)]
  0x00000290a6b48680 JavaThread "Monitor Ctrl-Break" daemon [_thread_in_native, id=16988, stack(0x000000e4f5b00000,0x000000e4f5c00000)]
  0x00000290a6b49f60 JavaThread "Notification Thread" daemon [_thread_blocked, id=5280, stack(0x000000e4f5c00000,0x000000e4f5d00000)]
  0x00000290a6b609d0 JavaThread "C2 CompilerThread1" daemon [_thread_blocked, id=11008, stack(0x000000e4f5e00000,0x000000e4f5f00000)]
  0x00000290a6b674b0 JavaThread "C2 CompilerThread2" daemon [_thread_blocked, id=25900, stack(0x000000e4f5f00000,0x000000e4f6000000)]

Other Threads:
  0x00000290a26b4870 VMThread "VM Thread" [stack: 0x000000e4f5000000,0x000000e4f5100000] [id=22424]
  0x00000290a6b4b740 WatcherThread "VM Periodic Task Thread" [stack: 0x000000e4f5d00000,0x000000e4f5e00000] [id=12680]
  0x00000290fcebba50 WorkerThread "GC Thread#0" [stack: 0x000000e4f4b00000,0x000000e4f4c00000] [id=17284]
  0x00000290fcecde00 ConcurrentGCThread "G1 Main Marker" [stack: 0x000000e4f4c00000,0x000000e4f4d00000] [id=27724]
  0x00000290fcecfef0 WorkerThread "G1 Conc#0" [stack: 0x000000e4f4d00000,0x000000e4f4e00000] [id=21824]
  0x00000290fcf1e700 ConcurrentGCThread "G1 Refine#0" [stack: 0x000000e4f4e00000,0x000000e4f4f00000] [id=2052]
  0x00000290a25723c0 ConcurrentGCThread "G1 Service" [stack: 0x000000e4f4f00000,0x000000e4f5000000] [id=23840]

Threads with active compile tasks:

VM state: not at safepoint (normal execution)

VM Mutex/Monitor currently owned by a thread:  ([mutex/lock_event])
[0x00000290fce44590] Metaspace_lock - owner thread: 0x00000290a26da6a0

Heap address: 0x0000000701c00000, size: 4068 MB, Compressed Oops mode: Zero based, Oop shift amount: 3

CDS archive(s) mapped at: [0x0000000800000000-0x0000000800c40000-0x0000000800c40000), size 12845056, SharedBaseAddress: 0x0000000800000000, ArchiveRelocationMode: 0.
Compressed class space mapped at: 0x0000000801000000-0x0000000841000000, reserved size: 1073741824
Narrow klass base: 0x0000000800000000, Narrow klass shift: 0, Narrow klass range: 0x100000000

GC Precious Log:
 CardTable entry size: 512
 Card Set container configuration: InlinePtr #cards 4 size 8 Array Of Cards #cards 8 size 32 Howl #buckets 8 coarsen threshold 3686 Howl Bitmap #cards 512 size 80 coarsen threshold 460 Card regions per heap region 1 cards per card region 4096
 CPUs: 12 total, 12 available
 Memory: 16264M
 Large Page Support: Disabled
 NUMA Support: Disabled
 Compressed Oops: Enabled (Zero based)
 Heap Region Size: 2M
 Heap Min Capacity: 8M
 Heap Initial Capacity: 256M
 Heap Max Capacity: 4068M
 Pre-touch: Disabled
 Parallel Workers: 10
 Concurrent Workers: 3
 Concurrent Refinement Workers: 10
 Periodic GC: Disabled

Heap:
 garbage-first heap   total 262144K, used 4096K [0x0000000701c00000, 0x0000000800000000)
  region size 2048K, 3 young (6144K), 0 survivors (0K)
 Metaspace       used 1179K, committed 1344K, reserved 1114112K
  class space    used 98K, committed 192K, reserved 1048576K

Heap Regions: E=young(eden), S=young(survivor), O=old, HS=humongous(starts), HC=humongous(continues), CS=collection set, F=free, OA=open archive, CA=closed archive, TAMS=top-at-mark-start (previous, next)
|   0|0x0000000701c00000, 0x0000000701c00000, 0x0000000701e00000|  0%| F|  |TAMS 0x0000000701c00000, 0x0000000701c00000| Untracked 
|   1|0x0000000701e00000, 0x0000000701e00000, 0x0000000702000000|  0%| F|  |TAMS 0x0000000701e00000, 0x0000000701e00000| Untracked 
|   2|0x0000000702000000, 0x0000000702000000, 0x0000000702200000|  0%| F|  |TAMS 0x0000000702000000, 0x0000000702000000| Untracked 
|   3|0x0000000702200000, 0x0000000702200000, 0x0000000702400000|  0%| F|  |TAMS 0x0000000702200000, 0x0000000702200000| Untracked 
|   4|0x0000000702400000, 0x0000000702400000, 0x0000000702600000|  0%| F|  |TAMS 0x0000000702400000, 0x0000000702400000| Untracked 
|   5|0x0000000702600000, 0x0000000702600000, 0x0000000702800000|  0%| F|  |TAMS 0x0000000702600000, 0x0000000702600000| Untracked 
|   6|0x0000000702800000, 0x0000000702800000, 0x0000000702a00000|  0%| F|  |TAMS 0x0000000702800000, 0x0000000702800000| Untracked 
|   7|0x0000000702a00000, 0x0000000702a00000, 0x0000000702c00000|  0%| F|  |TAMS 0x0000000702a00000, 0x0000000702a00000| Untracked 
|   8|0x0000000702c00000, 0x0000000702c00000, 0x0000000702e00000|  0%| F|  |TAMS 0x0000000702c00000, 0x0000000702c00000| Untracked 
|   9|0x0000000702e00000, 0x0000000702e00000, 0x0000000703000000|  0%| F|  |TAMS 0x0000000702e00000, 0x0000000702e00000| Untracked 
|  10|0x0000000703000000, 0x0000000703000000, 0x0000000703200000|  0%| F|  |TAMS 0x0000000703000000, 0x0000000703000000| Untracked 
|  11|0x0000000703200000, 0x0000000703200000, 0x0000000703400000|  0%| F|  |TAMS 0x0000000703200000, 0x0000000703200000| Untracked 
|  12|0x0000000703400000, 0x0000000703400000, 0x0000000703600000|  0%| F|  |TAMS 0x0000000703400000, 0x0000000703400000| Untracked 
|  13|0x0000000703600000, 0x0000000703600000, 0x0000000703800000|  0%| F|  |TAMS 0x0000000703600000, 0x0000000703600000| Untracked 
|  14|0x0000000703800000, 0x0000000703800000, 0x0000000703a00000|  0%| F|  |TAMS 0x0000000703800000, 0x0000000703800000| Untracked 
|  15|0x0000000703a00000, 0x0000000703a00000, 0x0000000703c00000|  0%| F|  |TAMS 0x0000000703a00000, 0x0000000703a00000| Untracked 
|  16|0x0000000703c00000, 0x0000000703c00000, 0x0000000703e00000|  0%| F|  |TAMS 0x0000000703c00000, 0x0000000703c00000| Untracked 
|  17|0x0000000703e00000, 0x0000000703e00000, 0x0000000704000000|  0%| F|  |TAMS 0x0000000703e00000, 0x0000000703e00000| Untracked 
|  18|0x0000000704000000, 0x0000000704000000, 0x0000000704200000|  0%| F|  |TAMS 0x0000000704000000, 0x0000000704000000| Untracked 
|  19|0x0000000704200000, 0x0000000704200000, 0x0000000704400000|  0%| F|  |TAMS 0x0000000704200000, 0x0000000704200000| Untracked 
|  20|0x0000000704400000, 0x0000000704400000, 0x0000000704600000|  0%| F|  |TAMS 0x0000000704400000, 0x0000000704400000| Untracked 
|  21|0x0000000704600000, 0x0000000704600000, 0x0000000704800000|  0%| F|  |TAMS 0x0000000704600000, 0x0000000704600000| Untracked 
|  22|0x0000000704800000, 0x0000000704800000, 0x0000000704a00000|  0%| F|  |TAMS 0x0000000704800000, 0x0000000704800000| Untracked 
|  23|0x0000000704a00000, 0x0000000704a00000, 0x0000000704c00000|  0%| F|  |TAMS 0x0000000704a00000, 0x0000000704a00000| Untracked 
|  24|0x0000000704c00000, 0x0000000704c00000, 0x0000000704e00000|  0%| F|  |TAMS 0x0000000704c00000, 0x0000000704c00000| Untracked 
|  25|0x0000000704e00000, 0x0000000704e00000, 0x0000000705000000|  0%| F|  |TAMS 0x0000000704e00000, 0x0000000704e00000| Untracked 
|  26|0x0000000705000000, 0x0000000705000000, 0x0000000705200000|  0%| F|  |TAMS 0x0000000705000000, 0x0000000705000000| Untracked 
|  27|0x0000000705200000, 0x0000000705200000, 0x0000000705400000|  0%| F|  |TAMS 0x0000000705200000, 0x0000000705200000| Untracked 
|  28|0x0000000705400000, 0x0000000705400000, 0x0000000705600000|  0%| F|  |TAMS 0x0000000705400000, 0x0000000705400000| Untracked 
|  29|0x0000000705600000, 0x0000000705600000, 0x0000000705800000|  0%| F|  |TAMS 0x0000000705600000, 0x0000000705600000| Untracked 
|  30|0x0000000705800000, 0x0000000705800000, 0x0000000705a00000|  0%| F|  |TAMS 0x0000000705800000, 0x0000000705800000| Untracked 
|  31|0x0000000705a00000, 0x0000000705a00000, 0x0000000705c00000|  0%| F|  |TAMS 0x0000000705a00000, 0x0000000705a00000| Untracked 
|  32|0x0000000705c00000, 0x0000000705c00000, 0x0000000705e00000|  0%| F|  |TAMS 0x0000000705c00000, 0x0000000705c00000| Untracked 
|  33|0x0000000705e00000, 0x0000000705e00000, 0x0000000706000000|  0%| F|  |TAMS 0x0000000705e00000, 0x0000000705e00000| Untracked 
|  34|0x0000000706000000, 0x0000000706000000, 0x0000000706200000|  0%| F|  |TAMS 0x0000000706000000, 0x0000000706000000| Untracked 
|  35|0x0000000706200000, 0x0000000706200000, 0x0000000706400000|  0%| F|  |TAMS 0x0000000706200000, 0x0000000706200000| Untracked 
|  36|0x0000000706400000, 0x0000000706400000, 0x0000000706600000|  0%| F|  |TAMS 0x0000000706400000, 0x0000000706400000| Untracked 
|  37|0x0000000706600000, 0x0000000706600000, 0x0000000706800000|  0%| F|  |TAMS 0x0000000706600000, 0x0000000706600000| Untracked 
|  38|0x0000000706800000, 0x0000000706800000, 0x0000000706a00000|  0%| F|  |TAMS 0x0000000706800000, 0x0000000706800000| Untracked 
|  39|0x0000000706a00000, 0x0000000706a00000, 0x0000000706c00000|  0%| F|  |TAMS 0x0000000706a00000, 0x0000000706a00000| Untracked 
|  40|0x0000000706c00000, 0x0000000706c00000, 0x0000000706e00000|  0%| F|  |TAMS 0x0000000706c00000, 0x0000000706c00000| Untracked 
|  41|0x0000000706e00000, 0x0000000706e00000, 0x0000000707000000|  0%| F|  |TAMS 0x0000000706e00000, 0x0000000706e00000| Untracked 
|  42|0x0000000707000000, 0x0000000707000000, 0x0000000707200000|  0%| F|  |TAMS 0x0000000707000000, 0x0000000707000000| Untracked 
|  43|0x0000000707200000, 0x0000000707200000, 0x0000000707400000|  0%| F|  |TAMS 0x0000000707200000, 0x0000000707200000| Untracked 
|  44|0x0000000707400000, 0x0000000707400000, 0x0000000707600000|  0%| F|  |TAMS 0x0000000707400000, 0x0000000707400000| Untracked 
|  45|0x0000000707600000, 0x0000000707600000, 0x0000000707800000|  0%| F|  |TAMS 0x0000000707600000, 0x0000000707600000| Untracked 
|  46|0x0000000707800000, 0x0000000707800000, 0x0000000707a00000|  0%| F|  |TAMS 0x0000000707800000, 0x0000000707800000| Untracked 
|  47|0x0000000707a00000, 0x0000000707a00000, 0x0000000707c00000|  0%| F|  |TAMS 0x0000000707a00000, 0x0000000707a00000| Untracked 
|  48|0x0000000707c00000, 0x0000000707c00000, 0x0000000707e00000|  0%| F|  |TAMS 0x0000000707c00000, 0x0000000707c00000| Untracked 
|  49|0x0000000707e00000, 0x0000000707e00000, 0x0000000708000000|  0%| F|  |TAMS 0x0000000707e00000, 0x0000000707e00000| Untracked 
|  50|0x0000000708000000, 0x0000000708000000, 0x0000000708200000|  0%| F|  |TAMS 0x0000000708000000, 0x0000000708000000| Untracked 
|  51|0x0000000708200000, 0x0000000708200000, 0x0000000708400000|  0%| F|  |TAMS 0x0000000708200000, 0x0000000708200000| Untracked 
|  52|0x0000000708400000, 0x0000000708400000, 0x0000000708600000|  0%| F|  |TAMS 0x0000000708400000, 0x0000000708400000| Untracked 
|  53|0x0000000708600000, 0x0000000708600000, 0x0000000708800000|  0%| F|  |TAMS 0x0000000708600000, 0x0000000708600000| Untracked 
|  54|0x0000000708800000, 0x0000000708800000, 0x0000000708a00000|  0%| F|  |TAMS 0x0000000708800000, 0x0000000708800000| Untracked 
|  55|0x0000000708a00000, 0x0000000708a00000, 0x0000000708c00000|  0%| F|  |TAMS 0x0000000708a00000, 0x0000000708a00000| Untracked 
|  56|0x0000000708c00000, 0x0000000708c00000, 0x0000000708e00000|  0%| F|  |TAMS 0x0000000708c00000, 0x0000000708c00000| Untracked 
|  57|0x0000000708e00000, 0x0000000708e00000, 0x0000000709000000|  0%| F|  |TAMS 0x0000000708e00000, 0x0000000708e00000| Untracked 
|  58|0x0000000709000000, 0x0000000709000000, 0x0000000709200000|  0%| F|  |TAMS 0x0000000709000000, 0x0000000709000000| Untracked 
|  59|0x0000000709200000, 0x0000000709200000, 0x0000000709400000|  0%| F|  |TAMS 0x0000000709200000, 0x0000000709200000| Untracked 
|  60|0x0000000709400000, 0x0000000709400000, 0x0000000709600000|  0%| F|  |TAMS 0x0000000709400000, 0x0000000709400000| Untracked 
|  61|0x0000000709600000, 0x0000000709600000, 0x0000000709800000|  0%| F|  |TAMS 0x0000000709600000, 0x0000000709600000| Untracked 
|  62|0x0000000709800000, 0x0000000709800000, 0x0000000709a00000|  0%| F|  |TAMS 0x0000000709800000, 0x0000000709800000| Untracked 
|  63|0x0000000709a00000, 0x0000000709a00000, 0x0000000709c00000|  0%| F|  |TAMS 0x0000000709a00000, 0x0000000709a00000| Untracked 
|  64|0x0000000709c00000, 0x0000000709c00000, 0x0000000709e00000|  0%| F|  |TAMS 0x0000000709c00000, 0x0000000709c00000| Untracked 
|  65|0x0000000709e00000, 0x0000000709e00000, 0x000000070a000000|  0%| F|  |TAMS 0x0000000709e00000, 0x0000000709e00000| Untracked 
|  66|0x000000070a000000, 0x000000070a000000, 0x000000070a200000|  0%| F|  |TAMS 0x000000070a000000, 0x000000070a000000| Untracked 
|  67|0x000000070a200000, 0x000000070a200000, 0x000000070a400000|  0%| F|  |TAMS 0x000000070a200000, 0x000000070a200000| Untracked 
|  68|0x000000070a400000, 0x000000070a400000, 0x000000070a600000|  0%| F|  |TAMS 0x000000070a400000, 0x000000070a400000| Untracked 
|  69|0x000000070a600000, 0x000000070a600000, 0x000000070a800000|  0%| F|  |TAMS 0x000000070a600000, 0x000000070a600000| Untracked 
|  70|0x000000070a800000, 0x000000070a800000, 0x000000070aa00000|  0%| F|  |TAMS 0x000000070a800000, 0x000000070a800000| Untracked 
|  71|0x000000070aa00000, 0x000000070aa00000, 0x000000070ac00000|  0%| F|  |TAMS 0x000000070aa00000, 0x000000070aa00000| Untracked 
|  72|0x000000070ac00000, 0x000000070ac00000, 0x000000070ae00000|  0%| F|  |TAMS 0x000000070ac00000, 0x000000070ac00000| Untracked 
|  73|0x000000070ae00000, 0x000000070ae00000, 0x000000070b000000|  0%| F|  |TAMS 0x000000070ae00000, 0x000000070ae00000| Untracked 
|  74|0x000000070b000000, 0x000000070b000000, 0x000000070b200000|  0%| F|  |TAMS 0x000000070b000000, 0x000000070b000000| Untracked 
|  75|0x000000070b200000, 0x000000070b200000, 0x000000070b400000|  0%| F|  |TAMS 0x000000070b200000, 0x000000070b200000| Untracked 
|  76|0x000000070b400000, 0x000000070b400000, 0x000000070b600000|  0%| F|  |TAMS 0x000000070b400000, 0x000000070b400000| Untracked 
|  77|0x000000070b600000, 0x000000070b600000, 0x000000070b800000|  0%| F|  |TAMS 0x000000070b600000, 0x000000070b600000| Untracked 
|  78|0x000000070b800000, 0x000000070b800000, 0x000000070ba00000|  0%| F|  |TAMS 0x000000070b800000, 0x000000070b800000| Untracked 
|  79|0x000000070ba00000, 0x000000070ba00000, 0x000000070bc00000|  0%| F|  |TAMS 0x000000070ba00000, 0x000000070ba00000| Untracked 
|  80|0x000000070bc00000, 0x000000070bc00000, 0x000000070be00000|  0%| F|  |TAMS 0x000000070bc00000, 0x000000070bc00000| Untracked 
|  81|0x000000070be00000, 0x000000070be00000, 0x000000070c000000|  0%| F|  |TAMS 0x000000070be00000, 0x000000070be00000| Untracked 
|  82|0x000000070c000000, 0x000000070c000000, 0x000000070c200000|  0%| F|  |TAMS 0x000000070c000000, 0x000000070c000000| Untracked 
|  83|0x000000070c200000, 0x000000070c200000, 0x000000070c400000|  0%| F|  |TAMS 0x000000070c200000, 0x000000070c200000| Untracked 
|  84|0x000000070c400000, 0x000000070c400000, 0x000000070c600000|  0%| F|  |TAMS 0x000000070c400000, 0x000000070c400000| Untracked 
|  85|0x000000070c600000, 0x000000070c600000, 0x000000070c800000|  0%| F|  |TAMS 0x000000070c600000, 0x000000070c600000| Untracked 
|  86|0x000000070c800000, 0x000000070c800000, 0x000000070ca00000|  0%| F|  |TAMS 0x000000070c800000, 0x000000070c800000| Untracked 
|  87|0x000000070ca00000, 0x000000070ca00000, 0x000000070cc00000|  0%| F|  |TAMS 0x000000070ca00000, 0x000000070ca00000| Untracked 
|  88|0x000000070cc00000, 0x000000070cc00000, 0x000000070ce00000|  0%| F|  |TAMS 0x000000070cc00000, 0x000000070cc00000| Untracked 
|  89|0x000000070ce00000, 0x000000070ce00000, 0x000000070d000000|  0%| F|  |TAMS 0x000000070ce00000, 0x000000070ce00000| Untracked 
|  90|0x000000070d000000, 0x000000070d000000, 0x000000070d200000|  0%| F|  |TAMS 0x000000070d000000, 0x000000070d000000| Untracked 
|  91|0x000000070d200000, 0x000000070d200000, 0x000000070d400000|  0%| F|  |TAMS 0x000000070d200000, 0x000000070d200000| Untracked 
|  92|0x000000070d400000, 0x000000070d400000, 0x000000070d600000|  0%| F|  |TAMS 0x000000070d400000, 0x000000070d400000| Untracked 
|  93|0x000000070d600000, 0x000000070d600000, 0x000000070d800000|  0%| F|  |TAMS 0x000000070d600000, 0x000000070d600000| Untracked 
|  94|0x000000070d800000, 0x000000070d800000, 0x000000070da00000|  0%| F|  |TAMS 0x000000070d800000, 0x000000070d800000| Untracked 
|  95|0x000000070da00000, 0x000000070da00000, 0x000000070dc00000|  0%| F|  |TAMS 0x000000070da00000, 0x000000070da00000| Untracked 
|  96|0x000000070dc00000, 0x000000070dc00000, 0x000000070de00000|  0%| F|  |TAMS 0x000000070dc00000, 0x000000070dc00000| Untracked 
|  97|0x000000070de00000, 0x000000070de00000, 0x000000070e000000|  0%| F|  |TAMS 0x000000070de00000, 0x000000070de00000| Untracked 
|  98|0x000000070e000000, 0x000000070e000000, 0x000000070e200000|  0%| F|  |TAMS 0x000000070e000000, 0x000000070e000000| Untracked 
|  99|0x000000070e200000, 0x000000070e200000, 0x000000070e400000|  0%| F|  |TAMS 0x000000070e200000, 0x000000070e200000| Untracked 
| 100|0x000000070e400000, 0x000000070e400000, 0x000000070e600000|  0%| F|  |TAMS 0x000000070e400000, 0x000000070e400000| Untracked 
| 101|0x000000070e600000, 0x000000070e600000, 0x000000070e800000|  0%| F|  |TAMS 0x000000070e600000, 0x000000070e600000| Untracked 
| 102|0x000000070e800000, 0x000000070e800000, 0x000000070ea00000|  0%| F|  |TAMS 0x000000070e800000, 0x000000070e800000| Untracked 
| 103|0x000000070ea00000, 0x000000070ea00000, 0x000000070ec00000|  0%| F|  |TAMS 0x000000070ea00000, 0x000000070ea00000| Untracked 
| 104|0x000000070ec00000, 0x000000070ec00000, 0x000000070ee00000|  0%| F|  |TAMS 0x000000070ec00000, 0x000000070ec00000| Untracked 
| 105|0x000000070ee00000, 0x000000070ee00000, 0x000000070f000000|  0%| F|  |TAMS 0x000000070ee00000, 0x000000070ee00000| Untracked 
| 106|0x000000070f000000, 0x000000070f000000, 0x000000070f200000|  0%| F|  |TAMS 0x000000070f000000, 0x000000070f000000| Untracked 
| 107|0x000000070f200000, 0x000000070f200000, 0x000000070f400000|  0%| F|  |TAMS 0x000000070f200000, 0x000000070f200000| Untracked 
| 108|0x000000070f400000, 0x000000070f400000, 0x000000070f600000|  0%| F|  |TAMS 0x000000070f400000, 0x000000070f400000| Untracked 
| 109|0x000000070f600000, 0x000000070f600000, 0x000000070f800000|  0%| F|  |TAMS 0x000000070f600000, 0x000000070f600000| Untracked 
| 110|0x000000070f800000, 0x000000070f800000, 0x000000070fa00000|  0%| F|  |TAMS 0x000000070f800000, 0x000000070f800000| Untracked 
| 111|0x000000070fa00000, 0x000000070fa00000, 0x000000070fc00000|  0%| F|  |TAMS 0x000000070fa00000, 0x000000070fa00000| Untracked 
| 112|0x000000070fc00000, 0x000000070fc00000, 0x000000070fe00000|  0%| F|  |TAMS 0x000000070fc00000, 0x000000070fc00000| Untracked 
| 113|0x000000070fe00000, 0x000000070fe00000, 0x0000000710000000|  0%| F|  |TAMS 0x000000070fe00000, 0x000000070fe00000| Untracked 
| 114|0x0000000710000000, 0x0000000710000000, 0x0000000710200000|  0%| F|  |TAMS 0x0000000710000000, 0x0000000710000000| Untracked 
| 115|0x0000000710200000, 0x0000000710200000, 0x0000000710400000|  0%| F|  |TAMS 0x0000000710200000, 0x0000000710200000| Untracked 
| 116|0x0000000710400000, 0x0000000710400000, 0x0000000710600000|  0%| F|  |TAMS 0x0000000710400000, 0x0000000710400000| Untracked 
| 117|0x0000000710600000, 0x0000000710600000, 0x0000000710800000|  0%| F|  |TAMS 0x0000000710600000, 0x0000000710600000| Untracked 
| 118|0x0000000710800000, 0x0000000710800000, 0x0000000710a00000|  0%| F|  |TAMS 0x0000000710800000, 0x0000000710800000| Untracked 
| 119|0x0000000710a00000, 0x0000000710a00000, 0x0000000710c00000|  0%| F|  |TAMS 0x0000000710a00000, 0x0000000710a00000| Untracked 
| 120|0x0000000710c00000, 0x0000000710c00000, 0x0000000710e00000|  0%| F|  |TAMS 0x0000000710c00000, 0x0000000710c00000| Untracked 
| 121|0x0000000710e00000, 0x0000000710e00000, 0x0000000711000000|  0%| F|  |TAMS 0x0000000710e00000, 0x0000000710e00000| Untracked 
| 122|0x0000000711000000, 0x0000000711000000, 0x0000000711200000|  0%| F|  |TAMS 0x0000000711000000, 0x0000000711000000| Untracked 
| 123|0x0000000711200000, 0x0000000711200000, 0x0000000711400000|  0%| F|  |TAMS 0x0000000711200000, 0x0000000711200000| Untracked 
| 124|0x0000000711400000, 0x0000000711400000, 0x0000000711600000|  0%| F|  |TAMS 0x0000000711400000, 0x0000000711400000| Untracked 
| 125|0x0000000711600000, 0x00000007116e3d90, 0x0000000711800000| 44%| E|  |TAMS 0x0000000711600000, 0x0000000711600000| Complete 
| 126|0x0000000711800000, 0x0000000711a00000, 0x0000000711a00000|100%| E|CS|TAMS 0x0000000711800000, 0x0000000711800000| Complete 
| 127|0x0000000711a00000, 0x0000000711c00000, 0x0000000711c00000|100%| E|CS|TAMS 0x0000000711a00000, 0x0000000711a00000| Complete 

Card table byte_map: [0x0000029096e90000,0x0000029097690000] _byte_map_base: 0x0000029093682000

Marking Bits (Prev, Next): (CMBitMap*) 0x00000290fcebd3a0, (CMBitMap*) 0x00000290fcebd3e0
 Prev Bits: [0x0000029097e90000, 0x000002909be20000)
 Next Bits: [0x000002909be20000, 0x000002909fdb0000)

Polling page: 0x00000290fcf20000

Metaspace:

Usage:
  Non-class:      1.06 MB used.
      Class:     98.30 KB used.
       Both:      1.15 MB used.

Virtual space:
  Non-class space:       64.00 MB reserved,       1.12 MB (  2%) committed,  1 nodes.
      Class space:        1.00 GB reserved,     192.00 KB ( <1%) committed,  1 nodes.
             Both:        1.06 GB reserved,       1.31 MB ( <1%) committed. 

Chunk freelists:
   Non-Class:  3.93 MB
       Class:  3.73 MB
        Both:  7.66 MB

MaxMetaspaceSize: unlimited
CompressedClassSpaceSize: 1.00 GB
Initial GC threshold: 21.00 MB
Current GC threshold: 21.00 MB
CDS: on
MetaspaceReclaimPolicy: balanced
 - commit_granule_bytes: 65536.
 - commit_granule_words: 8192.
 - virtual_space_node_default_size: 8388608.
 - enlarge_chunks_in_place: 1.
 - new_chunks_are_fully_committed: 0.
 - uncommit_free_chunks: 1.
 - use_allocation_guard: 0.


Internal statistics:

num_allocs_failed_limit: 0.
num_arena_births: 26.
num_arena_deaths: 0.
num_vsnodes_births: 2.
num_vsnodes_deaths: 0.
num_space_committed: 21.
num_space_uncommitted: 0.
num_chunks_returned_to_freelist: 0.
num_chunks_taken_from_freelist: 35.
num_chunk_merges: 0.
num_chunk_splits: 19.
num_chunks_enlarged: 11.
num_inconsistent_stats: 0.

CodeHeap 'non-profiled nmethods': size=120000Kb used=122Kb max_used=122Kb free=119877Kb
 bounds [0x000002908f960000, 0x000002908fbd0000, 0x0000029096e90000]
CodeHeap 'profiled nmethods': size=120000Kb used=430Kb max_used=430Kb free=119569Kb
 bounds [0x0000029087e90000, 0x0000029088100000, 0x000002908f3c0000]
CodeHeap 'non-nmethods': size=5760Kb used=1228Kb max_used=1243Kb free=4531Kb
 bounds [0x000002908f3c0000, 0x000002908f630000, 0x000002908f960000]
 total_blobs=803 nmethods=370 adapters=344
 compilation: enabled
              stopped_count=0, restarted_count=0
 full_count=0

Compilation events (20 events):
Event: 1.027 Thread 0x00000290a26ed690 nmethod 365 0x0000029087efab10 code [0x0000029087efacc0, 0x0000029087efaf18]
Event: 1.028 Thread 0x00000290a26e2d00 nmethod 327 0x000002908f97bb90 code [0x000002908f97bd80, 0x000002908f97c5f8]
Event: 1.028 Thread 0x00000290a26e2d00  337       4       java.util.concurrent.locks.ReentrantLock$NonfairSync::initialTryLock (58 bytes)
Event: 1.028 Thread 0x00000290a6b609d0 nmethod 343 0x000002908f97cc90 code [0x000002908f97ce00, 0x000002908f97cf38]
Event: 1.028 Thread 0x00000290a6b609d0  338       4       java.util.concurrent.locks.AbstractQueuedSynchronizer::compareAndSetState (13 bytes)
Event: 1.028 Thread 0x00000290a26ed690  366       3       java.lang.Number::<init> (5 bytes)
Event: 1.028 Thread 0x00000290a26ed690 nmethod 366 0x0000029087efb010 code [0x0000029087efb1c0, 0x0000029087efb318]
Event: 1.028 Thread 0x00000290a6b609d0 nmethod 338 0x000002908f97cf90 code [0x000002908f97d100, 0x000002908f97d198]
Event: 1.028 Thread 0x00000290a26ed690  367       3       java.lang.Enum::<init> (15 bytes)
Event: 1.028 Thread 0x00000290a26ed690 nmethod 367 0x0000029087efb410 code [0x0000029087efb5c0, 0x0000029087efb798]
Event: 1.028 Thread 0x00000290a26e2d00 nmethod 337 0x000002908f97d290 code [0x000002908f97d420, 0x000002908f97d598]
Event: 1.028 Thread 0x00000290a26ed690  368       1       java.time.ZoneOffset::getTotalSeconds (5 bytes)
Event: 1.028 Thread 0x00000290a26ed690 nmethod 368 0x000002908f97d610 code [0x000002908f97d7a0, 0x000002908f97d858]
Event: 1.028 Thread 0x00000290a26ed690  369       1       java.time.temporal.ChronoField::range (5 bytes)
Event: 1.028 Thread 0x00000290a6b674b0 nmethod 345 0x000002908f97d910 code [0x000002908f97dac0, 0x000002908f97deb8]
Event: 1.028 Thread 0x00000290a26ed690 nmethod 369 0x000002908f97e290 code [0x000002908f97e420, 0x000002908f97e4f8]
Event: 1.028 Thread 0x00000290a26ed690  370       1       java.time.temporal.ValueRange::getMinimum (5 bytes)
Event: 1.028 Thread 0x00000290a26ed690 nmethod 370 0x000002908f97e590 code [0x000002908f97e720, 0x000002908f97e7d8]
Event: 1.028 Thread 0x00000290a26ed690  371       1       java.time.temporal.ValueRange::getMaximum (5 bytes)
Event: 1.028 Thread 0x00000290a26ed690 nmethod 371 0x000002908f97e890 code [0x000002908f97ea20, 0x000002908f97ead8]

GC Heap History (0 events):
No events

Dll operation events (10 events):
Event: 0.009 Loaded shared library C:\Program Files\Java\jdk-19\bin\java.dll
Event: 0.018 Loaded shared library C:\Program Files\Java\jdk-19\bin\jsvml.dll
Event: 0.056 Loaded shared library C:\Program Files\Java\jdk-19\bin\zip.dll
Event: 0.058 Loaded shared library C:\Program Files\Java\jdk-19\bin\instrument.dll
Event: 0.062 Loaded shared library C:\Program Files\Java\jdk-19\bin\net.dll
Event: 0.065 Loaded shared library C:\Program Files\Java\jdk-19\bin\nio.dll
Event: 0.067 Loaded shared library C:\Program Files\Java\jdk-19\bin\zip.dll
Event: 0.074 Loaded shared library C:\Program Files\JetBrains\IntelliJ IDEA Community Edition 2022.2.2\bin\breakgen64.dll
Event: 0.082 Loaded shared library C:\Program Files\Java\jdk-19\bin\extnet.dll
Event: 0.083 Loaded shared library C:\Program Files\Java\jdk-19\bin\jimage.dll

Deoptimization events (8 events):
Event: 1.020 Thread 0x00000290a26da6a0 Uncommon trap: trap_request=0xffffff45 fr.pc=0x000002908f97753c relative=0x00000000000006bc
Event: 1.020 Thread 0x00000290a26da6a0 Uncommon trap: reason=unstable_if action=reinterpret pc=0x000002908f97753c method=java.util.regex.Matcher.search(I)Z @ 30 c2
Event: 1.020 Thread 0x00000290a26da6a0 DEOPT PACKING pc=0x000002908f97753c sp=0x000000e4f54fe9d0
Event: 1.020 Thread 0x00000290a26da6a0 DEOPT UNPACKING pc=0x000002908f426da3 sp=0x000000e4f54fe9b0 mode 2
Event: 1.022 Thread 0x00000290a26da6a0 Uncommon trap: trap_request=0xffffff45 fr.pc=0x000002908f976074 relative=0x0000000000000134
Event: 1.022 Thread 0x00000290a26da6a0 Uncommon trap: reason=unstable_if action=reinterpret pc=0x000002908f976074 method=java.util.regex.Pattern$BmpCharPropertyGreedy.match(Ljava/util/regex/Matcher;ILjava/lang/CharSequence;)Z @ 12 c2
Event: 1.022 Thread 0x00000290a26da6a0 DEOPT PACKING pc=0x000002908f976074 sp=0x000000e4f54fe960
Event: 1.022 Thread 0x00000290a26da6a0 DEOPT UNPACKING pc=0x000002908f426da3 sp=0x000000e4f54fe8f8 mode 2

Classes loaded (20 events):
Event: 1.023 Loading class java/util/LinkedHashMap$LinkedKeySet done
Event: 1.023 Loading class java/time/zone/ZoneRulesProvider
Event: 1.023 Loading class java/time/zone/ZoneRulesProvider done
Event: 1.023 Loading class java/time/zone/ZoneRulesProvider$1
Event: 1.023 Loading class java/time/zone/ZoneRulesProvider$1 done
Event: 1.023 Loading class java/time/zone/TzdbZoneRulesProvider
Event: 1.023 Loading class java/time/zone/TzdbZoneRulesProvider done
Event: 1.027 Loading class java/time/zone/Ser
Event: 1.027 Loading class java/io/Externalizable
Event: 1.027 Loading class java/io/Externalizable done
Event: 1.027 Loading class java/time/zone/Ser done
Event: 1.027 Loading class java/time/Month
Event: 1.027 Loading class java/time/Month done
Event: 1.027 Loading class java/time/DayOfWeek
Event: 1.027 Loading class java/time/DayOfWeek done
Event: 1.027 Loading class java/time/zone/ZoneOffsetTransitionRule$TimeDefinition
Event: 1.027 Loading class java/time/zone/ZoneOffsetTransitionRule$TimeDefinition done
Event: 1.028 Loading class java/time/zone/ZoneOffsetTransition
Event: 1.028 Loading class java/time/zone/ZoneOffsetTransition done
Event: 1.029 Loading class sun/util/cldr/CLDRBaseLocaleDataMetaInfo$TZCanonicalIDMapHolder

Classes unloaded (0 events):
No events

Classes redefined (0 events):
No events

Internal exceptions (3 events):
Event: 0.068 Thread 0x00000290fce4b7e0 Exception <a 'java/lang/NoSuchMethodError'{0x00000007118c4fc8}: 'void java.lang.invoke.DirectMethodHandle$Holder.invokeStatic(java.lang.Object, java.lang.Object, java.lang.Object)'> (0x00000007118c4fc8) 
thrown [s\open\src\hotspot\share\interpreter\linkResolver.cpp, line 774]
Event: 0.071 Thread 0x00000290fce4b7e0 Exception <a 'java/lang/NoSuchMethodError'{0x00000007118dd5c0}: 'java.lang.Object java.lang.invoke.Invokers$Holder.invokeExact_MT(java.lang.Object, java.lang.Object, java.lang.Object, java.lang.Object, java.lang.Object)'> (0x00000007118dd5c0) 
thrown [s\open\src\hotspot\share\interpreter\linkResolver.cpp, line 774]
Event: 0.083 Thread 0x00000290a6b48680 Exception <a 'java/lang/NoSuchMethodError'{0x0000000711959f30}: 'void java.lang.invoke.DirectMethodHandle$Holder.invokeStatic(java.lang.Object, java.lang.Object)'> (0x0000000711959f30) 
thrown [s\open\src\hotspot\share\interpreter\linkResolver.cpp, line 774]

VM Operations (4 events):
Event: 0.046 Executing VM operation: HandshakeAllThreads
Event: 0.046 Executing VM operation: HandshakeAllThreads done
Event: 0.077 Executing VM operation: HandshakeAllThreads
Event: 0.077 Executing VM operation: HandshakeAllThreads done

Events (15 events):
Event: 0.018 Thread 0x00000290fce4b7e0 Thread added: 0x00000290fce4b7e0
Event: 0.028 Thread 0x00000290a26d2960 Thread added: 0x00000290a26d2960
Event: 0.028 Thread 0x00000290a26d3750 Thread added: 0x00000290a26d3750
Event: 0.029 Thread 0x00000290a26d8d60 Thread added: 0x00000290a26d8d60
Event: 0.029 Thread 0x00000290a26da6a0 Thread added: 0x00000290a26da6a0
Event: 0.029 Thread 0x00000290a26db110 Thread added: 0x00000290a26db110
Event: 0.029 Thread 0x00000290a26df080 Thread added: 0x00000290a26df080
Event: 0.029 Thread 0x00000290a26e2d00 Thread added: 0x00000290a26e2d00
Event: 0.030 Thread 0x00000290a26ed690 Thread added: 0x00000290a26ed690
Event: 0.030 Thread 0x00000290a27087c0 Thread added: 0x00000290a27087c0
Event: 0.042 Thread 0x00000290a26a6400 Thread added: 0x00000290a26a6400
Event: 0.075 Thread 0x00000290a6b48680 Thread added: 0x00000290a6b48680
Event: 0.076 Thread 0x00000290a6b49f60 Thread added: 0x00000290a6b49f60
Event: 1.024 Thread 0x00000290a6b609d0 Thread added: 0x00000290a6b609d0
Event: 1.025 Thread 0x00000290a6b674b0 Thread added: 0x00000290a6b674b0


Dynamic libraries:
0x00007ff690b80000 - 0x00007ff690b90000 	C:\Program Files\Java\jdk-19\bin\java.exe
0x00007ff8aa8d0000 - 0x00007ff8aaac8000 	C:\Windows\SYSTEM32\ntdll.dll
0x00007ff8a9140000 - 0x00007ff8a91fd000 	C:\Windows\System32\KERNEL32.DLL
0x00007ff8a81d0000 - 0x00007ff8a84a3000 	C:\Windows\System32\KERNELBASE.dll
0x00007ff8a80d0000 - 0x00007ff8a81d0000 	C:\Windows\System32\ucrtbase.dll
0x00007ff88f110000 - 0x00007ff88f12b000 	C:\Program Files\Java\jdk-19\bin\VCRUNTIME140.dll
0x00007ff88e1d0000 - 0x00007ff88e1e8000 	C:\Program Files\Java\jdk-19\bin\jli.dll
0x00007ff8a8cc0000 - 0x00007ff8a8d6e000 	C:\Windows\System32\ADVAPI32.dll
0x00007ff8aa790000 - 0x00007ff8aa82e000 	C:\Windows\System32\msvcrt.dll
0x00007ff8a9b20000 - 0x00007ff8a9bbc000 	C:\Windows\System32\sechost.dll
0x00007ff8a9010000 - 0x00007ff8a9135000 	C:\Windows\System32\RPCRT4.dll
0x00007ff8a92c0000 - 0x00007ff8a945e000 	C:\Windows\System32\USER32.dll
0x00007ff8a8860000 - 0x00007ff8a8882000 	C:\Windows\System32\win32u.dll
0x00007ff8a8d70000 - 0x00007ff8a8d9c000 	C:\Windows\System32\GDI32.dll
0x00007ff8a84b0000 - 0x00007ff8a85c4000 	C:\Windows\System32\gdi32full.dll
0x00007ff8a8890000 - 0x00007ff8a892d000 	C:\Windows\System32\msvcp_win.dll
0x00007ff8926f0000 - 0x00007ff89298a000 	C:\Windows\WinSxS\amd64_microsoft.windows.common-controls_6595b64144ccf1df_6.0.19041.1110_none_60b5254171f9507e\COMCTL32.dll
0x00007ff8a1170000 - 0x00007ff8a117a000 	C:\Windows\SYSTEM32\VERSION.dll
0x00007ff8a8930000 - 0x00007ff8a8960000 	C:\Windows\System32\IMM32.DLL
0x00007ff8a5400000 - 0x00007ff8a540c000 	C:\Program Files\Java\jdk-19\bin\vcruntime140_1.dll
0x00007ff87b9a0000 - 0x00007ff87ba2e000 	C:\Program Files\Java\jdk-19\bin\msvcp140.dll
0x00007ff833490000 - 0x00007ff834150000 	C:\Program Files\Java\jdk-19\bin\server\jvm.dll
0x00007ff89a8e0000 - 0x00007ff89a907000 	C:\Windows\SYSTEM32\WINMM.dll
0x00007ff8a53f0000 - 0x00007ff8a53f9000 	C:\Windows\SYSTEM32\WSOCK32.dll
0x00007ff8a9f60000 - 0x00007ff8a9fcb000 	C:\Windows\System32\WS2_32.dll
0x00007ff8a6840000 - 0x00007ff8a6852000 	C:\Windows\SYSTEM32\kernel.appcore.dll
0x00007ff898ae0000 - 0x00007ff898aea000 	C:\Program Files\Java\jdk-19\bin\jimage.dll
0x00007ff8a5d10000 - 0x00007ff8a5ef4000 	C:\Windows\SYSTEM32\DBGHELP.DLL
0x00007ff892fb0000 - 0x00007ff892fdc000 	C:\Windows\SYSTEM32\dbgcore.DLL
0x00007ff8a87a0000 - 0x00007ff8a8822000 	C:\Windows\System32\bcryptPrimitives.dll
0x00007ff895770000 - 0x00007ff89577e000 	C:\Program Files\Java\jdk-19\bin\instrument.dll
0x00007ff88ad00000 - 0x00007ff88ad26000 	C:\Program Files\Java\jdk-19\bin\java.dll
0x00007ff869e50000 - 0x00007ff869f27000 	C:\Program Files\Java\jdk-19\bin\jsvml.dll
0x00007ff8a9fd0000 - 0x00007ff8aa713000 	C:\Windows\System32\SHELL32.dll
0x00007ff8a6090000 - 0x00007ff8a6824000 	C:\Windows\SYSTEM32\windows.storage.dll
0x00007ff8a8960000 - 0x00007ff8a8cb4000 	C:\Windows\System32\combase.dll
0x00007ff8a7a30000 - 0x00007ff8a7a60000 	C:\Windows\SYSTEM32\Wldp.dll
0x00007ff8a9210000 - 0x00007ff8a92bd000 	C:\Windows\System32\SHCORE.dll
0x00007ff8aa830000 - 0x00007ff8aa885000 	C:\Windows\System32\shlwapi.dll
0x00007ff8a7f10000 - 0x00007ff8a7f2f000 	C:\Windows\SYSTEM32\profapi.dll
0x00007ff88c470000 - 0x00007ff88c488000 	C:\Program Files\Java\jdk-19\bin\zip.dll
0x00007ff88ca20000 - 0x00007ff88ca33000 	C:\Program Files\Java\jdk-19\bin\net.dll
0x00007ff898f90000 - 0x00007ff89909d000 	C:\Windows\SYSTEM32\WINHTTP.dll
0x00007ff8a7790000 - 0x00007ff8a77fa000 	C:\Windows\system32\mswsock.dll
0x00007ff88ca00000 - 0x00007ff88ca16000 	C:\Program Files\Java\jdk-19\bin\nio.dll
0x00007ff88c450000 - 0x00007ff88c46a000 	C:\Program Files\JetBrains\IntelliJ IDEA Community Edition 2022.2.2\bin\breakgen64.dll
0x00007ff8959e0000 - 0x00007ff8959e8000 	C:\Program Files\Java\jdk-19\bin\extnet.dll

dbghelp: loaded successfully - version: 4.0.5 - missing functions: none
symbol engine: initialized successfully - sym options: 0x614 - pdb path: .;C:\Program Files\Java\jdk-19\bin;C:\Windows\SYSTEM32;C:\Windows\WinSxS\amd64_microsoft.windows.common-controls_6595b64144ccf1df_6.0.19041.1110_none_60b5254171f9507e;C:\Program Files\Java\jdk-19\bin\server;C:\Program Files\JetBrains\IntelliJ IDEA Community Edition 2022.2.2\bin

VM Arguments:
jvm_args: -javaagent:C:\Program Files\JetBrains\IntelliJ IDEA Community Edition 2022.2.2\lib\idea_rt.jar=59287:C:\Program Files\JetBrains\IntelliJ IDEA Community Edition 2022.2.2\bin -Dfile.encoding=UTF-8 -Dsun.stdout.encoding=UTF-8 -Dsun.stderr.encoding=UTF-8 
java_command: javaStart.homework2.advanced.EncodingText
java_class_path (initial): D:\Java_projects\JavaDev\target\classes
Launcher Type: SUN_STANDARD

[Global flags]
     intx CICompilerCount                          = 4                                         {product} {ergonomic}
     uint ConcGCThreads                            = 3                                         {product} {ergonomic}
     uint G1ConcRefinementThreads                  = 10                                        {product} {ergonomic}
   size_t G1HeapRegionSize                         = 2097152                                   {product} {ergonomic}
    uintx GCDrainStackTargetSize                   = 64                                        {product} {ergonomic}
   size_t InitialHeapSize                          = 268435456                                 {product} {ergonomic}
   size_t MarkStackSize                            = 4194304                                   {product} {ergonomic}
   size_t MaxHeapSize                              = 4265607168                                {product} {ergonomic}
   size_t MaxNewSize                               = 2558525440                                {product} {ergonomic}
   size_t MinHeapDeltaBytes                        = 2097152                                   {product} {ergonomic}
   size_t MinHeapSize                              = 8388608                                   {product} {ergonomic}
    uintx NonNMethodCodeHeapSize                   = 5839372                                {pd product} {ergonomic}
    uintx NonProfiledCodeHeapSize                  = 122909434                              {pd product} {ergonomic}
    uintx ProfiledCodeHeapSize                     = 122909434                              {pd product} {ergonomic}
    uintx ReservedCodeCacheSize                    = 251658240                              {pd product} {ergonomic}
     bool SegmentedCodeCache                       = true                                      {product} {ergonomic}
   size_t SoftMaxHeapSize                          = 4265607168                             {manageable} {ergonomic}
     bool UseCompressedClassPointers               = true                           {product lp64_product} {ergonomic}
     bool UseCompressedOops                        = true                           {product lp64_product} {ergonomic}
     bool UseG1GC                                  = true                                      {product} {ergonomic}
     bool UseLargePagesIndividualAllocation        = false                                  {pd product} {ergonomic}

Logging:
Log output configuration:
 #0: stdout all=warning uptime,level,tags foldmultilines=false
 #1: stderr all=off uptime,level,tags foldmultilines=false

Environment Variables:
PATH=C:\Program Files\Common Files\Oracle\Java\javapath;C:\Windows\system32;C:\Windows;C:\Windows\System32\Wbem;C:\Windows\System32\WindowsPowerShell\v1.0\;C:\Windows\System32\OpenSSH\;C:\Program Files\Git\cmd;C:\Program Files\NVIDIA Corporation\NVIDIA NvDLISR;C:\Program Files (x86)\NVIDIA Corporation\PhysX\Common;C:\Program Files (x86)\Common Files\Acronis\SnapAPI\;C:\Program Files (x86)\Common Files\Acronis\VirtualFile\;C:\Program Files (x86)\Common Files\Acronis\VirtualFile64\;C:\Program Files (x86)\Common Files\Acronis\FileProtector\;C:\Program Files (x86)\Common Files\Acronis\FileProtector64\;C:\Program Files\dotnet\;C:\Users\dimab\AppData\Local\Microsoft\WindowsApps;C:\Users\dimab\AppData\Local\GitHubDesktop\bin
USERNAME=dimab
OS=Windows_NT
PROCESSOR_IDENTIFIER=AMD64 Family 23 Model 113 Stepping 0, AuthenticAMD
TMP=C:\Users\dimab\AppData\Local\Temp
TEMP=C:\Users\dimab\AppData\Local\Temp



---------------  S Y S T E M  ---------------

OS:
 Windows 10 , 64 bit Build 19041 (10.0.19041.1889)
OS uptime: 8 days 13:18 hours

CPU: total 12 (initial active 12) (12 cores per cpu, 2 threads per core) family 23 model 113 stepping 0 microcode 0x0, cx8, cmov, fxsr, ht, mmx, 3dnowpref, sse, sse2, sse3, ssse3, sse4a, sse4.1, sse4.2, popcnt, lzcnt, tsc, tscinvbit, avx, avx2, aes, clmul, bmi1, bmi2, adx, sha, fma, vzeroupper, clflush, clflushopt, rdtscp, rdpid

Memory: 4k page, system-wide physical 16264M (4307M free)
TotalPageFile size 65416M (AvailPageFile size 2M)
current process WorkingSet (physical memory assigned to process): 41M, peak: 41M
current process commit charge ("private bytes"): 351M, peak: 351M

vm_info: Java HotSpot(TM) 64-Bit Server VM (19+36-2238) for windows-amd64 JRE (19+36-2238), built on 2022-08-12T20:29:01Z by "mach5one" with MS VC++ 17.1 (VS2022)

END.
